This is pdfTeX, Version 3.141592653-2.6-1.40.23 (MiKTeX 21.8) (preloaded format=pdflatex 2021.9.1)  24 NOV 2021 11:09
entering extended mode
**"c:/Users/Romeo/Desktop/Coding/Programming/Other/Marco/LaTeX/HW Solutions/Solution PDFs/week1.tex"
(c:/Users/Romeo/Desktop/Coding/Programming/Other/Marco/LaTeX/HW Solutions/Solution PDFs/week1.tex
LaTeX2e <2021-06-01> patch level 1
L3 programming layer <2021-08-27> (C:\Users\Romeo\AppData\Local\Programs\MiKTeX\tex/latex/base\article.cls
Document Class: article 2021/02/12 v1.4n Standard LaTeX document class
(C:\Users\Romeo\AppData\Local\Programs\MiKTeX\tex/latex/base\size10.clo
File: size10.clo 2021/02/12 v1.4n Standard LaTeX file (size option)
)
\c@part=\count182
\c@section=\count183
\c@subsection=\count184
\c@subsubsection=\count185
\c@paragraph=\count186
\c@subparagraph=\count187
\c@figure=\count188
\c@table=\count189
\abovecaptionskip=\skip47
\belowcaptionskip=\skip48
\bibindent=\dimen138
) (C:\Users\Romeo\AppData\Local\Programs\MiKTeX\tex/latex/base\inputenc.sty
Package: inputenc 2021/02/14 v1.3d Input encoding file
\inpenc@prehook=\toks16
\inpenc@posthook=\toks17
) (C:\Users\Romeo\AppData\Local\Programs\MiKTeX\tex/latex/amsmath\amsmath.sty
Package: amsmath 2021/04/20 v2.17j AMS math features
\@mathmargin=\skip49

For additional information on amsmath, use the `?' option.
(C:\Users\Romeo\AppData\Local\Programs\MiKTeX\tex/latex/amsmath\amstext.sty
Package: amstext 2000/06/29 v2.01 AMS text
 (C:\Users\Romeo\AppData\Local\Programs\MiKTeX\tex/latex/amsmath\amsgen.sty
File: amsgen.sty 1999/11/30 v2.0 generic functions
\@emptytoks=\toks18
\ex@=\dimen139
)) (C:\Users\Romeo\AppData\Local\Programs\MiKTeX\tex/latex/amsmath\amsbsy.sty
Package: amsbsy 1999/11/29 v1.2d Bold Symbols
\pmbraise@=\dimen140
) (C:\Users\Romeo\AppData\Local\Programs\MiKTeX\tex/latex/amsmath\amsopn.sty
Package: amsopn 2016/03/08 v2.02 operator names
)
\inf@bad=\count190
LaTeX Info: Redefining \frac on input line 234.
\uproot@=\count191
\leftroot@=\count192
LaTeX Info: Redefining \overline on input line 399.
\classnum@=\count193
\DOTSCASE@=\count194
LaTeX Info: Redefining \ldots on input line 496.
LaTeX Info: Redefining \dots on input line 499.
LaTeX Info: Redefining \cdots on input line 620.
\Mathstrutbox@=\box50
\strutbox@=\box51
\big@size=\dimen141
LaTeX Font Info:    Redeclaring font encoding OML on input line 743.
LaTeX Font Info:    Redeclaring font encoding OMS on input line 744.
\macc@depth=\count195
\c@MaxMatrixCols=\count196
\dotsspace@=\muskip16
\c@parentequation=\count197
\dspbrk@lvl=\count198
\tag@help=\toks19
\row@=\count199
\column@=\count266
\maxfields@=\count267
\andhelp@=\toks20
\eqnshift@=\dimen142
\alignsep@=\dimen143
\tagshift@=\dimen144
\tagwidth@=\dimen145
\totwidth@=\dimen146
\lineht@=\dimen147
\@envbody=\toks21
\multlinegap=\skip50
\multlinetaggap=\skip51
\mathdisplay@stack=\toks22
LaTeX Info: Redefining \[ on input line 2923.
LaTeX Info: Redefining \] on input line 2924.
) (C:\Users\Romeo\AppData\Local\Programs\MiKTeX\tex/latex/mathtools\mathtools.sty
Package: mathtools 2021/04/12 v1.27 mathematical typesetting tools
 (C:\Users\Romeo\AppData\Local\Programs\MiKTeX\tex/latex/graphics\keyval.sty
Package: keyval 2014/10/28 v1.15 key=value parser (DPC)
\KV@toks@=\toks23
) (C:\Users\Romeo\AppData\Local\Programs\MiKTeX\tex/latex/tools\calc.sty
Package: calc 2017/05/25 v4.3 Infix arithmetic (KKT,FJ)
\calc@Acount=\count268
\calc@Bcount=\count269
\calc@Adimen=\dimen148
\calc@Bdimen=\dimen149
\calc@Askip=\skip52
\calc@Bskip=\skip53
LaTeX Info: Redefining \setlength on input line 80.
LaTeX Info: Redefining \addtolength on input line 81.
\calc@Ccount=\count270
\calc@Cskip=\skip54
) (C:\Users\Romeo\AppData\Local\Programs\MiKTeX\tex/latex/mathtools\mhsetup.sty
Package: mhsetup 2021/03/18 v1.4 programming setup (MH)
)
LaTeX Info: Thecontrolsequence`\('isalreadyrobust on input line 130.
LaTeX Info: Thecontrolsequence`\)'isalreadyrobust on input line 130.
LaTeX Info: Thecontrolsequence`\['isalreadyrobust on input line 130.
LaTeX Info: Thecontrolsequence`\]'isalreadyrobust on input line 130.
\g_MT_multlinerow_int=\count271
\l_MT_multwidth_dim=\dimen150
\origjot=\skip55
\l_MT_shortvdotswithinadjustabove_dim=\dimen151
\l_MT_shortvdotswithinadjustbelow_dim=\dimen152
\l_MT_above_intertext_sep=\dimen153
\l_MT_below_intertext_sep=\dimen154
\l_MT_above_shortintertext_sep=\dimen155
\l_MT_below_shortintertext_sep=\dimen156
\xmathstrut@box=\box52
\xmathstrut@dim=\dimen157
) (C:\Users\Romeo\AppData\Local\Programs\MiKTeX\tex/latex/pdfpages\pdfpages.sty
Package: pdfpages 2021/03/06 v0.5t Insert pages of external PDF documents (AM)
 (C:\Users\Romeo\AppData\Local\Programs\MiKTeX\tex/latex/base\ifthen.sty
Package: ifthen 2020/11/24 v1.1c Standard LaTeX ifthen package (DPC)
) (C:\Users\Romeo\AppData\Local\Programs\MiKTeX\tex/latex/eso-pic\eso-pic.sty
Package: eso-pic 2020/10/14 v3.0a eso-pic (RN)
\ESO@tempdima=\dimen158
\ESO@tempdimb=\dimen159
 (C:\Users\Romeo\AppData\Local\Programs\MiKTeX\tex/latex/xcolor\xcolor.sty
Package: xcolor 2016/05/11 v2.12 LaTeX color extensions (UK)
 (C:\Users\Romeo\AppData\Local\Programs\MiKTeX\tex/latex/graphics-cfg\color.cfg
File: color.cfg 2016/01/02 v1.6 sample color configuration
)
Package xcolor Info: Driver file: pdftex.def on input line 225.
 (C:\Users\Romeo\AppData\Local\Programs\MiKTeX\tex/latex/graphics-def\pdftex.def
File: pdftex.def 2020/10/05 v1.2a Graphics/color driver for pdftex
)
Package xcolor Info: Model `cmy' substituted by `cmy0' on input line 1348.
Package xcolor Info: Model `hsb' substituted by `rgb' on input line 1352.
Package xcolor Info: Model `RGB' extended on input line 1364.
Package xcolor Info: Model `HTML' substituted by `rgb' on input line 1366.
Package xcolor Info: Model `Hsb' substituted by `hsb' on input line 1367.
Package xcolor Info: Model `tHsb' substituted by `hsb' on input line 1368.
Package xcolor Info: Model `HSB' substituted by `hsb' on input line 1369.
Package xcolor Info: Model `Gray' substituted by `gray' on input line 1370.
Package xcolor Info: Model `wave' substituted by `hsb' on input line 1371.
)) (C:\Users\Romeo\AppData\Local\Programs\MiKTeX\tex/latex/graphics\graphicx.sty
Package: graphicx 2020/12/05 v1.2c Enhanced LaTeX Graphics (DPC,SPQR)
 (C:\Users\Romeo\AppData\Local\Programs\MiKTeX\tex/latex/graphics\graphics.sty
Package: graphics 2021/03/04 v1.4d Standard LaTeX Graphics (DPC,SPQR)
 (C:\Users\Romeo\AppData\Local\Programs\MiKTeX\tex/latex/graphics\trig.sty
Package: trig 2016/01/03 v1.10 sin cos tan (DPC)
) (C:\Users\Romeo\AppData\Local\Programs\MiKTeX\tex/latex/graphics-cfg\graphics.cfg
File: graphics.cfg 2016/06/04 v1.11 sample graphics configuration
)
Package graphics Info: Driver file: pdftex.def on input line 107.
)
\Gin@req@height=\dimen160
\Gin@req@width=\dimen161
)
\AM@pagewidth=\dimen162
\AM@pageheight=\dimen163
\AM@fboxrule=\dimen164
 (C:\Users\Romeo\AppData\Local\Programs\MiKTeX\tex/latex/pdfpages\pppdftex.def
File: pppdftex.def 2021/03/06 v0.5t Pdfpages driver for pdfTeX (AM)
)
\pdfpages@includegraphics@status=\count272
\AM@pagebox=\box53
\AM@global@opts=\toks24
\AM@pagecnt=\count273
\AM@toc@title=\toks25
\c@AM@survey=\count274
\AM@templatesizebox=\box54
) (C:\Users\Romeo\AppData\Local\Programs\MiKTeX\tex/latex/l3backend\l3backend-pdftex.def
File: l3backend-pdftex.def 2021-08-04 L3 backend support: PDF output (pdfTeX)
\l__color_backend_stack_int=\count275
\l__pdf_internal_box=\box55
) (week1.aux)
\openout1 = `week1.aux'.

LaTeX Font Info:    Checking defaults for OML/cmm/m/it on input line 7.
LaTeX Font Info:    ... okay on input line 7.
LaTeX Font Info:    Checking defaults for OMS/cmsy/m/n on input line 7.
LaTeX Font Info:    ... okay on input line 7.
LaTeX Font Info:    Checking defaults for OT1/cmr/m/n on input line 7.
LaTeX Font Info:    ... okay on input line 7.
LaTeX Font Info:    Checking defaults for T1/cmr/m/n on input line 7.
LaTeX Font Info:    ... okay on input line 7.
LaTeX Font Info:    Checking defaults for TS1/cmr/m/n on input line 7.
LaTeX Font Info:    ... okay on input line 7.
LaTeX Font Info:    Checking defaults for OMX/cmex/m/n on input line 7.
LaTeX Font Info:    ... okay on input line 7.
LaTeX Font Info:    Checking defaults for U/cmr/m/n on input line 7.
LaTeX Font Info:    ... okay on input line 7.
 (C:\Users\Romeo\AppData\Local\Programs\MiKTeX\tex/context/base/mkii\supp-pdf.mkii
[Loading MPS to PDF converter (version 2006.09.02).]
\scratchcounter=\count276
\scratchdimen=\dimen165
\scratchbox=\box56
\nofMPsegments=\count277
\nofMParguments=\count278
\everyMPshowfont=\toks26
\MPscratchCnt=\count279
\MPscratchDim=\dimen166
\MPnumerator=\count280
\makeMPintoPDFobject=\count281
\everyMPtoPDFconversion=\toks27
) (C:\Users\Romeo\AppData\Local\Programs\MiKTeX\tex/latex/epstopdf-pkg\epstopdf-base.sty
Package: epstopdf-base 2020-01-24 v2.11 Base part for package epstopdf
Package epstopdf-base Info: Redefining graphics rule for `.eps' on input line 485.
 (C:\Users\Romeo\AppData\Local\Programs\MiKTeX\tex/latex/00miktex\epstopdf-sys.cfg
File: epstopdf-sys.cfg 2021/03/18 v2.0 Configuration of epstopdf for MiKTeX
)) (C:\Users\Romeo\AppData\Local\Programs\MiKTeX\tex/latex/pdflscape\pdflscape.sty
Package: pdflscape 2019/12/05 v0.12 Display of landscape pages in PDF (HO)
 (C:\Users\Romeo\AppData\Local\Programs\MiKTeX\tex/generic/iftex\iftex.sty
Package: iftex 2020/03/06 v1.0d TeX engine tests
) (C:\Users\Romeo\AppData\Local\Programs\MiKTeX\tex/latex/graphics\lscape.sty
Package: lscape 2020/05/28 v3.02 Landscape Pages (DPC)
)
Package pdflscape Info: Auto-detected driver: pdftex on input line 81.
)
<jchw3q2.pdf, id=1, 614.295pt x 794.97pt>
File: jchw3q2.pdf Graphic file (type pdf)
<use jchw3q2.pdf>
Package pdftex.def Info: jchw3q2.pdf  used on input line 8.
(pdftex.def)             Requested size: 614.29349pt x 794.96806pt.
File: jchw3q2.pdf Graphic file (type pdf)
<use jchw3q2.pdf>
Package pdftex.def Info: jchw3q2.pdf  used on input line 8.
(pdftex.def)             Requested size: 614.29349pt x 794.96806pt.
<jchw3q2.pdf, id=4, page=1, 614.295pt x 794.97pt>
File: jchw3q2.pdf Graphic file (type pdf)
<use jchw3q2.pdf, page 1>
Package pdftex.def Info: jchw3q2.pdf , page1 used on input line 8.
(pdftex.def)             Requested size: 614.29349pt x 794.96806pt.
File: jchw3q2.pdf Graphic file (type pdf)
<use jchw3q2.pdf, page 1>
Package pdftex.def Info: jchw3q2.pdf , page1 used on input line 8.
(pdftex.def)             Requested size: 614.58406pt x 795.3441pt.
File: jchw3q2.pdf Graphic file (type pdf)
<use jchw3q2.pdf, page 1>
Package pdftex.def Info: jchw3q2.pdf , page1 used on input line 8.
(pdftex.def)             Requested size: 614.58406pt x 795.3441pt.
File: jchw3q2.pdf Graphic file (type pdf)
<use jchw3q2.pdf, page 1>
Package pdftex.def Info: jchw3q2.pdf , page1 used on input line 8.
(pdftex.def)             Requested size: 614.58406pt x 795.3441pt.
File: jchw3q2.pdf Graphic file (type pdf)
<use jchw3q2.pdf, page 1>
Package pdftex.def Info: jchw3q2.pdf , page1 used on input line 8.
(pdftex.def)             Requested size: 614.58406pt x 795.3441pt.
 [1

 <./jchw3q2.pdf{C:/Users/Romeo/AppData/Local/MiKTeX/pdftex/config/pdftex.map}>]
<jchw3q2.pdf, id=40, page=2, 614.295pt x 794.97pt>
File: jchw3q2.pdf Graphic file (type pdf)
<use jchw3q2.pdf, page 2>
Package pdftex.def Info: jchw3q2.pdf , page2 used on input line 8.
(pdftex.def)             Requested size: 614.58406pt x 795.3441pt.
File: jchw3q2.pdf Graphic file (type pdf)
<use jchw3q2.pdf, page 2>
Package pdftex.def Info: jchw3q2.pdf , page2 used on input line 8.
(pdftex.def)             Requested size: 614.58406pt x 795.3441pt.
File: jchw3q2.pdf Graphic file (type pdf)
<use jchw3q2.pdf, page 2>
Package pdftex.def Info: jchw3q2.pdf , page2 used on input line 8.
(pdftex.def)             Requested size: 614.58406pt x 795.3441pt.
 [2 <./jchw3q2.pdf>]
<rchw3q3.pdf, id=44, 614.295pt x 794.97pt>
File: rchw3q3.pdf Graphic file (type pdf)
<use rchw3q3.pdf>
Package pdftex.def Info: rchw3q3.pdf  used on input line 9.
(pdftex.def)             Requested size: 614.29349pt x 794.96806pt.
File: rchw3q3.pdf Graphic file (type pdf)
<use rchw3q3.pdf>
Package pdftex.def Info: rchw3q3.pdf  used on input line 9.
(pdftex.def)             Requested size: 614.29349pt x 794.96806pt.
<rchw3q3.pdf, id=47, page=1, 614.295pt x 794.97pt>
File: rchw3q3.pdf Graphic file (type pdf)
<use rchw3q3.pdf, page 1>
Package pdftex.def Info: rchw3q3.pdf , page1 used on input line 9.
(pdftex.def)             Requested size: 614.29349pt x 794.96806pt.
File: rchw3q3.pdf Graphic file (type pdf)
<use rchw3q3.pdf, page 1>
Package pdftex.def Info: rchw3q3.pdf , page1 used on input line 9.
(pdftex.def)             Requested size: 614.58406pt x 795.3441pt.
File: rchw3q3.pdf Graphic file (type pdf)
<use rchw3q3.pdf, page 1>
Package pdftex.def Info: rchw3q3.pdf , page1 used on input line 9.
(pdftex.def)             Requested size: 614.58406pt x 795.3441pt.
File: rchw3q3.pdf Graphic file (type pdf)
<use rchw3q3.pdf, page 1>
Package pdftex.def Info: rchw3q3.pdf , page1 used on input line 9.
(pdftex.def)             Requested size: 614.58406pt x 795.3441pt.
File: rchw3q3.pdf Graphic file (type pdf)
<use rchw3q3.pdf, page 1>
Package pdftex.def Info: rchw3q3.pdf , page1 used on input line 9.
(pdftex.def)             Requested size: 614.58406pt x 795.3441pt.
 [3 <./rchw3q3.pdf>]
<rchw3q3.pdf, id=68, page=2, 614.295pt x 794.97pt>
File: rchw3q3.pdf Graphic file (type pdf)
<use rchw3q3.pdf, page 2>
Package pdftex.def Info: rchw3q3.pdf , page2 used on input line 9.
(pdftex.def)             Requested size: 614.58406pt x 795.3441pt.
File: rchw3q3.pdf Graphic file (type pdf)
<use rchw3q3.pdf, page 2>
Package pdftex.def Info: rchw3q3.pdf , page2 used on input line 9.
(pdftex.def)             Requested size: 614.58406pt x 795.3441pt.
File: rchw3q3.pdf Graphic file (type pdf)
<use rchw3q3.pdf, page 2>
Package pdftex.def Info: rchw3q3.pdf , page2 used on input line 9.
(pdftex.def)             Requested size: 614.58406pt x 795.3441pt.
 [4 <./rchw3q3.pdf>]
<rchw3q3.pdf, id=72, page=3, 614.295pt x 794.97pt>
File: rchw3q3.pdf Graphic file (type pdf)
<use rchw3q3.pdf, page 3>
Package pdftex.def Info: rchw3q3.pdf , page3 used on input line 9.
(pdftex.def)             Requested size: 614.58406pt x 795.3441pt.
File: rchw3q3.pdf Graphic file (type pdf)
<use rchw3q3.pdf, page 3>
Package pdftex.def Info: rchw3q3.pdf , page3 used on input line 9.
(pdftex.def)             Requested size: 614.58406pt x 795.3441pt.
File: rchw3q3.pdf Graphic file (type pdf)
<use rchw3q3.pdf, page 3>
Package pdftex.def Info: rchw3q3.pdf , page3 used on input line 9.
(pdftex.def)             Requested size: 614.58406pt x 795.3441pt.
 [5 <./rchw3q3.pdf>]
<rchw3q3.pdf, id=76, page=4, 614.295pt x 794.97pt>
File: rchw3q3.pdf Graphic file (type pdf)
<use rchw3q3.pdf, page 4>
Package pdftex.def Info: rchw3q3.pdf , page4 used on input line 9.
(pdftex.def)             Requested size: 614.58406pt x 795.3441pt.
File: rchw3q3.pdf Graphic file (type pdf)
<use rchw3q3.pdf, page 4>
Package pdftex.def Info: rchw3q3.pdf , page4 used on input line 9.
(pdftex.def)             Requested size: 614.58406pt x 795.3441pt.
File: rchw3q3.pdf Graphic file (type pdf)
<use rchw3q3.pdf, page 4>
Package pdftex.def Info: rchw3q3.pdf , page4 used on input line 9.
(pdftex.def)             Requested size: 614.58406pt x 795.3441pt.
 [6 <./rchw3q3.pdf>]
<hchw3q8.pdf, id=80, 614.295pt x 794.97pt>
File: hchw3q8.pdf Graphic file (type pdf)
<use hchw3q8.pdf>
Package pdftex.def Info: hchw3q8.pdf  used on input line 10.
(pdftex.def)             Requested size: 614.29349pt x 794.96806pt.
File: hchw3q8.pdf Graphic file (type pdf)
<use hchw3q8.pdf>
Package pdftex.def Info: hchw3q8.pdf  used on input line 10.
(pdftex.def)             Requested size: 614.29349pt x 794.96806pt.
<hchw3q8.pdf, id=83, page=1, 614.295pt x 794.97pt>
File: hchw3q8.pdf Graphic file (type pdf)
<use hchw3q8.pdf, page 1>
Package pdftex.def Info: hchw3q8.pdf , page1 used on input line 10.
(pdftex.def)             Requested size: 614.29349pt x 794.96806pt.
File: hchw3q8.pdf Graphic file (type pdf)
<use hchw3q8.pdf, page 1>
Package pdftex.def Info: hchw3q8.pdf , page1 used on input line 10.
(pdftex.def)             Requested size: 614.58406pt x 795.3441pt.
File: hchw3q8.pdf Graphic file (type pdf)
<use hchw3q8.pdf, page 1>
Package pdftex.def Info: hchw3q8.pdf , page1 used on input line 10.
(pdftex.def)             Requested size: 614.58406pt x 795.3441pt.
File: hchw3q8.pdf Graphic file (type pdf)
<use hchw3q8.pdf, page 1>
Package pdftex.def Info: hchw3q8.pdf , page1 used on input line 10.
(pdftex.def)             Requested size: 614.58406pt x 795.3441pt.
File: hchw3q8.pdf Graphic file (type pdf)
<use hchw3q8.pdf, page 1>
Package pdftex.def Info: hchw3q8.pdf , page1 used on input line 10.
(pdftex.def)             Requested size: 614.58406pt x 795.3441pt.
 [7 <./hchw3q8.pdf>] (week1.aux) ) 
Here is how much of TeX's memory you used:
 3741 strings out of 478927
 57062 string characters out of 2852536
 360475 words of memory out of 3000000
 21577 multiletter control sequences out of 15000+600000
 403430 words of font info for 27 fonts, out of 8000000 for 9000
 1141 hyphenation exceptions out of 8191
 72i,17n,80p,312b,427s stack positions out of 5000i,500n,10000p,200000b,80000s
<C:/Users/Romeo/AppData/Local/Programs/MiKTeX/fonts/type1/public/amsfonts/cm/cmbx10.pfb><C:/Users/Romeo/AppData/Local/Programs/MiKTeX/fonts/type1/public/amsfonts/cm/cmbx12.pfb><C:/Users/Romeo/AppData/Local/Programs/MiKTeX/fonts/type1/public/amsfonts/cm/cmmi10.pfb><C:/Users/Romeo/AppData/Local/Programs/MiKTeX/fonts/type1/public/amsfonts/cm/cmr10.pfb><C:/Users/Romeo/AppData/Local/Programs/MiKTeX/fonts/type1/public/amsfonts/cm/cmr12.pfb><C:/Users/Romeo/AppData/Local/Programs/MiKTeX/fonts/type1/public/amsfonts/cm/cmr17.pfb><C:/Users/Romeo/AppData/Local/Programs/MiKTeX/fonts/type1/public/amsfonts/cm/cmr7.pfb><C:/Users/Romeo/AppData/Local/Programs/MiKTeX/fonts/type1/public/amsfonts/cm/cmsy10.pfb>
Output written on week1.pdf (7 pages, 127983 bytes).
PDF statistics:
 137 PDF objects out of 1000 (max. 8388607)
 0 named destinations out of 1000 (max. 500000)
 81 words of extra memory for PDF output out of 10000 (max. 10000000)

