This is pdfTeX, Version 3.141592653-2.6-1.40.22 (TeX Live 2021) (preloaded format=pdflatex 2021.9.23)  21 OCT 2021 18:23
entering extended mode
 restricted \write18 enabled.
 file:line:error style messages enabled.
 %&-line parsing enabled.
**"/Users/romeo/Desktop/Programming/VS Code Programs/Latex/Math 215/Justin Calc/HW 5/hw5q3.tex"
(/Users/romeo/Desktop/Programming/VS Code Programs/Latex/Math 215/Justin Calc/HW 5/hw5q3.tex
LaTeX2e <2020-10-01> patch level 4
L3 programming layer <2021-02-18> (/usr/local/texlive/2021/texmf-dist/tex/latex/base/article.cls
Document Class: article 2020/04/10 v1.4m Standard LaTeX document class
(/usr/local/texlive/2021/texmf-dist/tex/latex/base/size10.clo
File: size10.clo 2020/04/10 v1.4m Standard LaTeX file (size option)
)
\c@part=\count179
\c@section=\count180
\c@subsection=\count181
\c@subsubsection=\count182
\c@paragraph=\count183
\c@subparagraph=\count184
\c@figure=\count185
\c@table=\count186
\abovecaptionskip=\skip47
\belowcaptionskip=\skip48
\bibindent=\dimen138
) (/usr/local/texlive/2021/texmf-dist/tex/latex/base/inputenc.sty
Package: inputenc 2020/08/01 v1.3d Input encoding file
\inpenc@prehook=\toks15
\inpenc@posthook=\toks16
) (/usr/local/texlive/2021/texmf-dist/tex/latex/pdfpages/pdfpages.sty
Package: pdfpages 2021/03/06 v0.5t Insert pages of external PDF documents (AM)
 (/usr/local/texlive/2021/texmf-dist/tex/latex/base/ifthen.sty
Package: ifthen 2014/09/29 v1.1c Standard LaTeX ifthen package (DPC)
) (/usr/local/texlive/2021/texmf-dist/tex/latex/tools/calc.sty
Package: calc 2017/05/25 v4.3 Infix arithmetic (KKT,FJ)
\calc@Acount=\count187
\calc@Bcount=\count188
\calc@Adimen=\dimen139
\calc@Bdimen=\dimen140
\calc@Askip=\skip49
\calc@Bskip=\skip50
LaTeX Info: Redefining \setlength on input line 80.
LaTeX Info: Redefining \addtolength on input line 81.
\calc@Ccount=\count189
\calc@Cskip=\skip51
) (/usr/local/texlive/2021/texmf-dist/tex/latex/eso-pic/eso-pic.sty
Package: eso-pic 2020/10/14 v3.0a eso-pic (RN)
\ESO@tempdima=\dimen141
\ESO@tempdimb=\dimen142
 (/usr/local/texlive/2021/texmf-dist/tex/latex/graphics/keyval.sty
Package: keyval 2014/10/28 v1.15 key=value parser (DPC)
\KV@toks@=\toks17
) (/usr/local/texlive/2021/texmf-dist/tex/latex/xcolor/xcolor.sty
Package: xcolor 2016/05/11 v2.12 LaTeX color extensions (UK)
 (/usr/local/texlive/2021/texmf-dist/tex/latex/graphics-cfg/color.cfg
File: color.cfg 2016/01/02 v1.6 sample color configuration
)
Package xcolor Info: Driver file: pdftex.def on input line 225.
 (/usr/local/texlive/2021/texmf-dist/tex/latex/graphics-def/pdftex.def
File: pdftex.def 2020/10/05 v1.2a Graphics/color driver for pdftex
)
Package xcolor Info: Model `cmy' substituted by `cmy0' on input line 1348.
Package xcolor Info: Model `hsb' substituted by `rgb' on input line 1352.
Package xcolor Info: Model `RGB' extended on input line 1364.
Package xcolor Info: Model `HTML' substituted by `rgb' on input line 1366.
Package xcolor Info: Model `Hsb' substituted by `hsb' on input line 1367.
Package xcolor Info: Model `tHsb' substituted by `hsb' on input line 1368.
Package xcolor Info: Model `HSB' substituted by `hsb' on input line 1369.
Package xcolor Info: Model `Gray' substituted by `gray' on input line 1370.
Package xcolor Info: Model `wave' substituted by `hsb' on input line 1371.
)) (/usr/local/texlive/2021/texmf-dist/tex/latex/graphics/graphicx.sty
Package: graphicx 2020/09/09 v1.2b Enhanced LaTeX Graphics (DPC,SPQR)
 (/usr/local/texlive/2021/texmf-dist/tex/latex/graphics/graphics.sty
Package: graphics 2020/08/30 v1.4c Standard LaTeX Graphics (DPC,SPQR)
 (/usr/local/texlive/2021/texmf-dist/tex/latex/graphics/trig.sty
Package: trig 2016/01/03 v1.10 sin cos tan (DPC)
) (/usr/local/texlive/2021/texmf-dist/tex/latex/graphics-cfg/graphics.cfg
File: graphics.cfg 2016/06/04 v1.11 sample graphics configuration
)
Package graphics Info: Driver file: pdftex.def on input line 105.
)
\Gin@req@height=\dimen143
\Gin@req@width=\dimen144
)
\AM@pagewidth=\dimen145
\AM@pageheight=\dimen146
\AM@fboxrule=\dimen147
 (/usr/local/texlive/2021/texmf-dist/tex/latex/pdfpages/pppdftex.def
File: pppdftex.def 2021/03/06 v0.5t Pdfpages driver for pdfTeX (AM)
)
\pdfpages@includegraphics@status=\count190
\AM@pagebox=\box47
\AM@global@opts=\toks18
\AM@pagecnt=\count191
\AM@toc@title=\toks19
\c@AM@survey=\count192
\AM@templatesizebox=\box48
) (/usr/local/texlive/2021/texmf-dist/tex/latex/l3backend/l3backend-pdftex.def
File: l3backend-pdftex.def 2021-03-18 L3 backend support: PDF output (pdfTeX)
\l__color_backend_stack_int=\count193
\l__pdf_internal_box=\box49
) (/Users/romeo/Desktop/Programming/VS Code Programs/Latex/Math 215/Justin Calc/HW 5/hw5q3.aux)
\openout1 = `hw5q3.aux'.

LaTeX Font Info:    Checking defaults for OML/cmm/m/it on input line 9.
LaTeX Font Info:    ... okay on input line 9.
LaTeX Font Info:    Checking defaults for OMS/cmsy/m/n on input line 9.
LaTeX Font Info:    ... okay on input line 9.
LaTeX Font Info:    Checking defaults for OT1/cmr/m/n on input line 9.
LaTeX Font Info:    ... okay on input line 9.
LaTeX Font Info:    Checking defaults for T1/cmr/m/n on input line 9.
LaTeX Font Info:    ... okay on input line 9.
LaTeX Font Info:    Checking defaults for TS1/cmr/m/n on input line 9.
LaTeX Font Info:    ... okay on input line 9.
LaTeX Font Info:    Checking defaults for OMX/cmex/m/n on input line 9.
LaTeX Font Info:    ... okay on input line 9.
LaTeX Font Info:    Checking defaults for U/cmr/m/n on input line 9.
LaTeX Font Info:    ... okay on input line 9.
 (/usr/local/texlive/2021/texmf-dist/tex/context/base/mkii/supp-pdf.mkii
[Loading MPS to PDF converter (version 2006.09.02).]
\scratchcounter=\count194
\scratchdimen=\dimen148
\scratchbox=\box50
\nofMPsegments=\count195
\nofMParguments=\count196
\everyMPshowfont=\toks20
\MPscratchCnt=\count197
\MPscratchDim=\dimen149
\MPnumerator=\count198
\makeMPintoPDFobject=\count199
\everyMPtoPDFconversion=\toks21
) (/usr/local/texlive/2021/texmf-dist/tex/latex/epstopdf-pkg/epstopdf-base.sty
Package: epstopdf-base 2020-01-24 v2.11 Base part for package epstopdf
Package epstopdf-base Info: Redefining graphics rule for `.eps' on input line 485.
 (/usr/local/texlive/2021/texmf-dist/tex/latex/latexconfig/epstopdf-sys.cfg
File: epstopdf-sys.cfg 2010/07/13 v1.3 Configuration of (r)epstopdf for TeX Live
)) (/usr/local/texlive/2021/texmf-dist/tex/latex/pdflscape/pdflscape.sty
Package: pdflscape 2019/12/05 v0.12 Display of landscape pages in PDF (HO)
 (/usr/local/texlive/2021/texmf-dist/tex/generic/iftex/iftex.sty
Package: iftex 2020/03/06 v1.0d TeX engine tests
) (/usr/local/texlive/2021/texmf-dist/tex/latex/graphics/lscape.sty
Package: lscape 2020/05/28 v3.02 Landscape Pages (DPC)
)
Package pdflscape Info: Auto-detected driver: pdftex on input line 81.
)
LaTeX Font Info:    External font `cmex10' loaded for size
(Font)              <12> on input line 11.
LaTeX Font Info:    External font `cmex10' loaded for size
(Font)              <8> on input line 11.
LaTeX Font Info:    External font `cmex10' loaded for size
(Font)              <6> on input line 11.
LaTeX Font Info:    External font `cmex10' loaded for size
(Font)              <7> on input line 16.
LaTeX Font Info:    External font `cmex10' loaded for size
(Font)              <5> on input line 16.
</Users/romeo/Desktop/Programming/VS Code Programs/Latex/Math 215/Justin Calc/HW 3/Q2/hw3q2.pdf, id=1, 614.295pt x 794.97pt>
File: /Users/romeo/Desktop/Programming/VS Code Programs/Latex/Math 215/Justin Calc/HW 3/Q2/hw3q2.pdf Graphic file (type pdf)
<use /Users/romeo/Desktop/Programming/VS Code Programs/Latex/Math 215/Justin Calc/HW 3/Q2/hw3q2.pdf>
Package pdftex.def Info: /Users/romeo/Desktop/Programming/VS Code Programs/Latex/Math 215/Justin Calc/HW 3/Q2/hw3q2.pdf  used on input line 26.
(pdftex.def)             Requested size: 614.29349pt x 794.96806pt.
File: /Users/romeo/Desktop/Programming/VS Code Programs/Latex/Math 215/Justin Calc/HW 3/Q2/hw3q2.pdf Graphic file (type pdf)
<use /Users/romeo/Desktop/Programming/VS Code Programs/Latex/Math 215/Justin Calc/HW 3/Q2/hw3q2.pdf>
Package pdftex.def Info: /Users/romeo/Desktop/Programming/VS Code Programs/Latex/Math 215/Justin Calc/HW 3/Q2/hw3q2.pdf  used on input line 26.
(pdftex.def)             Requested size: 614.29349pt x 794.96806pt.
</Users/romeo/Desktop/Programming/VS Code Programs/Latex/Math 215/Justin Calc/HW 3/Q2/hw3q2.pdf, id=4, page=1, 614.295pt x 794.97pt>
File: /Users/romeo/Desktop/Programming/VS Code Programs/Latex/Math 215/Justin Calc/HW 3/Q2/hw3q2.pdf Graphic file (type pdf)
<use /Users/romeo/Desktop/Programming/VS Code Programs/Latex/Math 215/Justin Calc/HW 3/Q2/hw3q2.pdf, page 1>
Package pdftex.def Info: /Users/romeo/Desktop/Programming/VS Code Programs/Latex/Math 215/Justin Calc/HW 3/Q2/hw3q2.pdf , page1 used on input line 26.
(pdftex.def)             Requested size: 614.29349pt x 794.96806pt.
File: /Users/romeo/Desktop/Programming/VS Code Programs/Latex/Math 215/Justin Calc/HW 3/Q2/hw3q2.pdf Graphic file (type pdf)
<use /Users/romeo/Desktop/Programming/VS Code Programs/Latex/Math 215/Justin Calc/HW 3/Q2/hw3q2.pdf, page 1>
Package pdftex.def Info: /Users/romeo/Desktop/Programming/VS Code Programs/Latex/Math 215/Justin Calc/HW 3/Q2/hw3q2.pdf , page1 used on input line 26.
(pdftex.def)             Requested size: 614.58406pt x 795.3441pt.
 [1

{/usr/local/texlive/2021/texmf-var/fonts/map/pdftex/updmap/pdftex.map}]
File: /Users/romeo/Desktop/Programming/VS Code Programs/Latex/Math 215/Justin Calc/HW 3/Q2/hw3q2.pdf Graphic file (type pdf)
<use /Users/romeo/Desktop/Programming/VS Code Programs/Latex/Math 215/Justin Calc/HW 3/Q2/hw3q2.pdf, page 1>
Package pdftex.def Info: /Users/romeo/Desktop/Programming/VS Code Programs/Latex/Math 215/Justin Calc/HW 3/Q2/hw3q2.pdf , page1 used on input line 26.
(pdftex.def)             Requested size: 614.58406pt x 795.3441pt.
File: /Users/romeo/Desktop/Programming/VS Code Programs/Latex/Math 215/Justin Calc/HW 3/Q2/hw3q2.pdf Graphic file (type pdf)
<use /Users/romeo/Desktop/Programming/VS Code Programs/Latex/Math 215/Justin Calc/HW 3/Q2/hw3q2.pdf, page 1>
Package pdftex.def Info: /Users/romeo/Desktop/Programming/VS Code Programs/Latex/Math 215/Justin Calc/HW 3/Q2/hw3q2.pdf , page1 used on input line 26.
(pdftex.def)             Requested size: 614.58406pt x 795.3441pt.
File: /Users/romeo/Desktop/Programming/VS Code Programs/Latex/Math 215/Justin Calc/HW 3/Q2/hw3q2.pdf Graphic file (type pdf)
<use /Users/romeo/Desktop/Programming/VS Code Programs/Latex/Math 215/Justin Calc/HW 3/Q2/hw3q2.pdf, page 1>
Package pdftex.def Info: /Users/romeo/Desktop/Programming/VS Code Programs/Latex/Math 215/Justin Calc/HW 3/Q2/hw3q2.pdf , page1 used on input line 26.
(pdftex.def)             Requested size: 614.58406pt x 795.3441pt.
 [2 </Users/romeo/Desktop/Programming/VS Code Programs/Latex/Math 215/Justin Calc/HW 3/Q2/hw3q2.pdf>] (/Users/romeo/Desktop/Programming/VS Code Programs/Latex/Math 215/Justin Calc/HW 5/hw5q3.aux) ) 
Here is how much of TeX's memory you used:
 2543 strings out of 478994
 38910 string characters out of 5858184
 331387 words of memory out of 5000000
 20023 multiletter control sequences out of 15000+600000
 407070 words of font info for 39 fonts, out of 8000000 for 9000
 1141 hyphenation exceptions out of 8191
 83i,17n,88p,322b,428s stack positions out of 5000i,500n,10000p,200000b,80000s
</usr/local/texlive/2021/texmf-dist/fonts/type1/public/amsfonts/cm/cmbx12.pfb></usr/local/texlive/2021/texmf-dist/fonts/type1/public/amsfonts/cm/cmex10.pfb></usr/local/texlive/2021/texmf-dist/fonts/type1/public/amsfonts/cm/cmmi10.pfb></usr/local/texlive/2021/texmf-dist/fonts/type1/public/amsfonts/cm/cmmi7.pfb></usr/local/texlive/2021/texmf-dist/fonts/type1/public/amsfonts/cm/cmr10.pfb></usr/local/texlive/2021/texmf-dist/fonts/type1/public/amsfonts/cm/cmr12.pfb></usr/local/texlive/2021/texmf-dist/fonts/type1/public/amsfonts/cm/cmr17.pfb></usr/local/texlive/2021/texmf-dist/fonts/type1/public/amsfonts/cm/cmsy10.pfb>
Output written on "/Users/romeo/Desktop/Programming/VS Code Programs/Latex/Math 215/Justin Calc/HW 5/hw5q3.pdf" (2 pages, 84088 bytes).
PDF statistics:
 64 PDF objects out of 1000 (max. 8388607)
 47 compressed objects within 1 object stream
 0 named destinations out of 1000 (max. 500000)
 21 words of extra memory for PDF output out of 10000 (max. 10000000)

